Start testing: Dec 07 19:13 CST
----------------------------------------------------------
1/5 Testing: DISK_TEST
1/5 Test: DISK_TEST
Command: "/home/david/study/course/22-23-1/os/exp/exp3_file-system/simple_ram_fs/build/test/test_disk"
Directory: /home/david/study/course/22-23-1/os/exp/exp3_file-system/simple_ram_fs/build/test
"DISK_TEST" start time: Dec 07 19:13 CST
Output:
----------------------------------------------------------
Running 1 test case...

[1;32;49m*** No errors detected
[0;39;49m
<end of output>
Test time =   1.95 sec
----------------------------------------------------------
Test Passed.
"DISK_TEST" end time: Dec 07 19:13 CST
"DISK_TEST" time elapsed: 00:00:01
----------------------------------------------------------

2/5 Testing: BLOCK_IO_TEST
2/5 Test: BLOCK_IO_TEST
Command: "/home/david/study/course/22-23-1/os/exp/exp3_file-system/simple_ram_fs/build/test/test_block_io"
Directory: /home/david/study/course/22-23-1/os/exp/exp3_file-system/simple_ram_fs/build/test
"BLOCK_IO_TEST" start time: Dec 07 19:13 CST
Output:
----------------------------------------------------------
Running 1 test case...

[1;32;49m*** No errors detected
[0;39;49m
<end of output>
Test time =   1.00 sec
----------------------------------------------------------
Test Passed.
"BLOCK_IO_TEST" end time: Dec 07 19:13 CST
"BLOCK_IO_TEST" time elapsed: 00:00:01
----------------------------------------------------------

3/5 Testing: BLOCK_MANAGE_TEST
3/5 Test: BLOCK_MANAGE_TEST
Command: "/home/david/study/course/22-23-1/os/exp/exp3_file-system/simple_ram_fs/build/test/test_block_manage"
Directory: /home/david/study/course/22-23-1/os/exp/exp3_file-system/simple_ram_fs/build/test
"BLOCK_MANAGE_TEST" start time: Dec 07 19:13 CST
Output:
----------------------------------------------------------
Running 1 test case...


[1;32;49m*** No errors detected
[0;39;49m
<end of output>
Test time =   0.98 sec
----------------------------------------------------------
Test Passed.
"BLOCK_MANAGE_TEST" end time: Dec 07 19:13 CST
"BLOCK_MANAGE_TEST" time elapsed: 00:00:00
----------------------------------------------------------

4/5 Testing: FILE_MANAGE_TEST
4/5 Test: FILE_MANAGE_TEST
Command: "/home/david/study/course/22-23-1/os/exp/exp3_file-system/simple_ram_fs/build/test/test_file_manage"
Directory: /home/david/study/course/22-23-1/os/exp/exp3_file-system/simple_ram_fs/build/test
"FILE_MANAGE_TEST" start time: Dec 07 19:13 CST
Output:
----------------------------------------------------------
Running 1 test case...

[1;32;49m*** No errors detected
[0;39;49m
<end of output>
Test time =   1.62 sec
----------------------------------------------------------
Test Passed.
"FILE_MANAGE_TEST" end time: Dec 07 19:13 CST
"FILE_MANAGE_TEST" time elapsed: 00:00:01
----------------------------------------------------------

5/5 Testing: APPLICATIONS_TEST
5/5 Test: APPLICATIONS_TEST
Command: "/home/david/study/course/22-23-1/os/exp/exp3_file-system/simple_ram_fs/build/test/test_applications"
Directory: /home/david/study/course/22-23-1/os/exp/exp3_file-system/simple_ram_fs/build/test
"APPLICATIONS_TEST" start time: Dec 07 19:13 CST
Output:
----------------------------------------------------------
Running 1 test case...

[1;32;49m*** No errors detected
[0;39;49m
<end of output>
Test time =   0.01 sec
----------------------------------------------------------
Test Passed.
"APPLICATIONS_TEST" end time: Dec 07 19:13 CST
"APPLICATIONS_TEST" time elapsed: 00:00:00
----------------------------------------------------------

End testing: Dec 07 19:13 CST
